<?xml version="1.0" encoding="UTF-8"?>
<testng-results skipped="0" failed="0" total="1" passed="1">
  <reporter-output>
  </reporter-output>
  <suite name="myTestPackage.HelloTest" duration-ms="31" started-at="2018-02-15T15:57:39Z" finished-at="2018-02-15T15:57:39Z">
    <groups>
    </groups>
    <test name="Command line test" duration-ms="31" started-at="2018-02-15T15:57:39Z" finished-at="2018-02-15T15:57:39Z">
      <class name="myTestPackage.HelloTest">
        <test-method status="PASS" signature="testDoFakeTest()[pri:0, instance:myTestPackage.HelloTest@67d48005]" name="testDoFakeTest" duration-ms="0" started-at="2018-02-15T08:57:39Z" finished-at="2018-02-15T08:57:39Z">
          <reporter-output>
          </reporter-output>
        </test-method> <!-- testDoFakeTest -->
      </class> <!-- myTestPackage.HelloTest -->
    </test> <!-- Command line test -->
  </suite> <!-- myTestPackage.HelloTest -->
</testng-results>
